<?xml version="1.0" encoding="UTF-8"?>
<testsuite name="be.wilferoquendo.Enregistrement_de_heures_de_travail.EnregistrementDeHeuresDeTravailApplicationTests" tests="1" skipped="0" failures="0" errors="0" timestamp="2024-02-05T14:05:26" hostname="DESKTOP-5151CMD" time="0.754">
  <properties/>
  <testcase name="contextLoads()" classname="be.wilferoquendo.Enregistrement_de_heures_de_travail.EnregistrementDeHeuresDeTravailApplicationTests" time="0.754"/>
  <system-out><![CDATA[15:05:18.098 [Test worker] INFO org.springframework.test.context.support.AnnotationConfigContextLoaderUtils -- Could not detect default configuration classes for test class [be.wilferoquendo.Enregistrement_de_heures_de_travail.EnregistrementDeHeuresDeTravailApplicationTests]: EnregistrementDeHeuresDeTravailApplicationTests does not declare any static, non-private, non-final, nested classes annotated with @Configuration.
15:05:18.231 [Test worker] INFO org.springframework.boot.test.context.SpringBootTestContextBootstrapper -- Found @SpringBootConfiguration be.wilferoquendo.Enregistrement_de_heures_de_travail.EnregistrementDeHeuresDeTravailApplication for test class be.wilferoquendo.Enregistrement_de_heures_de_travail.EnregistrementDeHeuresDeTravailApplicationTests

  .   ____          _            __ _ _
 /\\ / ___'_ __ _ _(_)_ __  __ _ \ \ \ \
( ( )\___ | '_ | '_| | '_ \/ _` | \ \ \ \
 \\/  ___)| |_)| | | | | || (_| |  ) ) ) )
  '  |____| .__|_| |_|_| |_\__, | / / / /
 =========|_|==============|___/=/_/_/_/
 :: Spring Boot ::                (v3.2.0)

2024-02-05T15:05:19.054+01:00  INFO 18496 --- [    Test worker] trementDeHeuresDeTravailApplicationTests : Starting EnregistrementDeHeuresDeTravailApplicationTests using Java 21.0.2 with PID 18496 (started by user in C:\Users\user\IdeaProjects\Spring\Enregistrement_de_heures_de_travail)
2024-02-05T15:05:19.057+01:00  INFO 18496 --- [    Test worker] trementDeHeuresDeTravailApplicationTests : The following 1 profile is active: "bdgd"
2024-02-05T15:05:20.212+01:00  INFO 18496 --- [    Test worker] .s.d.r.c.RepositoryConfigurationDelegate : Bootstrapping Spring Data JPA repositories in DEFAULT mode.
2024-02-05T15:05:20.394+01:00  INFO 18496 --- [    Test worker] .s.d.r.c.RepositoryConfigurationDelegate : Finished Spring Data repository scanning in 150 ms. Found 4 JPA repository interfaces.
2024-02-05T15:05:21.133+01:00  INFO 18496 --- [    Test worker] o.hibernate.jpa.internal.util.LogHelper  : HHH000204: Processing PersistenceUnitInfo [name: default]
2024-02-05T15:05:21.339+01:00  INFO 18496 --- [    Test worker] org.hibernate.Version                    : HHH000412: Hibernate ORM core version 6.3.1.Final
2024-02-05T15:05:21.406+01:00  INFO 18496 --- [    Test worker] o.h.c.internal.RegionFactoryInitiator    : HHH000026: Second-level cache disabled
2024-02-05T15:05:21.816+01:00  INFO 18496 --- [    Test worker] o.s.o.j.p.SpringPersistenceUnitInfo      : No LoadTimeWeaver setup: ignoring JPA class transformer
2024-02-05T15:05:21.867+01:00  INFO 18496 --- [    Test worker] com.zaxxer.hikari.HikariDataSource       : HikariPool-1 - Starting...
2024-02-05T15:05:22.463+01:00  INFO 18496 --- [    Test worker] com.zaxxer.hikari.pool.HikariPool        : HikariPool-1 - Added connection com.mysql.cj.jdbc.ConnectionImpl@4bdb04c8
2024-02-05T15:05:22.467+01:00  INFO 18496 --- [    Test worker] com.zaxxer.hikari.HikariDataSource       : HikariPool-1 - Start completed.
2024-02-05T15:05:22.551+01:00  WARN 18496 --- [    Test worker] org.hibernate.dialect.Dialect            : HHH000511: The 5.5.0 version for [org.hibernate.dialect.MySQLDialect] is no longer supported, hence certain features may not work properly. The minimum supported version is 5.7.0. Check the community dialects project for available legacy versions.
2024-02-05T15:05:22.557+01:00  WARN 18496 --- [    Test worker] org.hibernate.orm.deprecation            : HHH90000025: MySQLDialect does not need to be specified explicitly using 'hibernate.dialect' (remove the property setting and it will be selected by default)
2024-02-05T15:05:23.576+01:00  INFO 18496 --- [    Test worker] o.h.e.t.j.p.i.JtaPlatformInitiator       : HHH000489: No JTA platform available (set 'hibernate.transaction.jta.platform' to enable JTA platform integration)
2024-02-05T15:05:24.234+01:00  INFO 18496 --- [    Test worker] j.LocalContainerEntityManagerFactoryBean : Initialized JPA EntityManagerFactory for persistence unit 'default'
2024-02-05T15:05:24.841+01:00  INFO 18496 --- [    Test worker] o.s.d.j.r.query.QueryEnhancerFactory     : Hibernate is in classpath; If applicable, HQL parser will be used.
2024-02-05T15:05:26.183+01:00  WARN 18496 --- [    Test worker] JpaBaseConfiguration$JpaWebConfiguration : spring.jpa.open-in-view is enabled by default. Therefore, database queries may be performed during view rendering. Explicitly configure spring.jpa.open-in-view to disable this warning
2024-02-05T15:05:26.796+01:00  INFO 18496 --- [    Test worker] trementDeHeuresDeTravailApplicationTests : Started EnregistrementDeHeuresDeTravailApplicationTests in 8.217 seconds (process running for 10.446)
]]></system-out>
  <system-err><![CDATA[WARNING: A Java agent has been loaded dynamically (C:\Users\user\.gradle\caches\modules-2\files-2.1\net.bytebuddy\byte-buddy-agent\1.14.10\90ed94ac044ea8953b224304c762316e91fd6b31\byte-buddy-agent-1.14.10.jar)
WARNING: If a serviceability tool is in use, please run with -XX:+EnableDynamicAgentLoading to hide this warning
WARNING: If a serviceability tool is not in use, please run with -Djdk.instrument.traceUsage for more information
WARNING: Dynamic loading of agents will be disallowed by default in a future release
]]></system-err>
</testsuite>
